0 info it worked if it ends with ok
1 verbose cli [ '/usr/bin/nodejs', '/usr/bin/npm', 'start' ]
2 info using npm@3.10.8
3 info using node@v6.9.1
4 verbose run-script [ 'prestart', 'start', 'poststart' ]
5 info lifecycle api_auth@~prestart: api_auth@
6 silly lifecycle api_auth@~prestart: no script for prestart, continuing
7 info lifecycle api_auth@~start: api_auth@
8 verbose lifecycle api_auth@~start: unsafe-perm in lifecycle true
9 verbose lifecycle api_auth@~start: PATH: /usr/lib/node_modules/npm/bin/node-gyp-bin:/home/thai/Project/vehicle_info_api/node_modules/.bin:/usr/local/sbin:/usr/local/bin:/usr/sbin:/usr/bin:/sbin:/bin:/usr/games:/usr/local/games:/usr/lib/jvm/java-7-oracle/db/bin:/usr/lib/jvm/java-7-oracle/jre/bin:/home/thai/android-sdk-linux:/home/thai/Android/android-studio/bin:/usr/lib/jvm/java-7-oracle/bin:/usr/lib/jvm/java-7-oracle/db/bin:/usr/lib/jvm/java-7-oracle/jre/bin:/usr/lib/jvm/java-7-oracle/bin:/home/thai/android-sdk-linux/tools:/home/thai/android-sdk-linux/platform-tools:/home/thai/.npm-global/lib/node_modules/ionic/bin:/usr/lib/jvm/java-7-oracle/bin:/home/thai/android-sdk-linux/tools:/home/thai/android-sdk-linux/platform-tools:/home/thai/.npm-global/lib/node_modules/ionic/bin
10 verbose lifecycle api_auth@~start: CWD: /home/thai/Project/vehicle_info_api
11 silly lifecycle api_auth@~start: Args: [ '-c', 'node server.js' ]
12 silly lifecycle api_auth@~start: Returned: code: 1  signal: null
13 info lifecycle api_auth@~start: Failed to exec start script
14 verbose stack Error: api_auth@ start: `node server.js`
14 verbose stack Exit status 1
14 verbose stack     at EventEmitter.<anonymous> (/usr/lib/node_modules/npm/lib/utils/lifecycle.js:255:16)
14 verbose stack     at emitTwo (events.js:106:13)
14 verbose stack     at EventEmitter.emit (events.js:191:7)
14 verbose stack     at ChildProcess.<anonymous> (/usr/lib/node_modules/npm/lib/utils/spawn.js:40:14)
14 verbose stack     at emitTwo (events.js:106:13)
14 verbose stack     at ChildProcess.emit (events.js:191:7)
14 verbose stack     at maybeClose (internal/child_process.js:877:16)
14 verbose stack     at Process.ChildProcess._handle.onexit (internal/child_process.js:226:5)
15 verbose pkgid api_auth@
16 verbose cwd /home/thai/Project/vehicle_info_api
17 error Linux 4.4.0-38-generic
18 error argv "/usr/bin/nodejs" "/usr/bin/npm" "start"
19 error node v6.9.1
20 error npm  v3.10.8
21 error code ELIFECYCLE
22 error api_auth@ start: `node server.js`
22 error Exit status 1
23 error Failed at the api_auth@ start script 'node server.js'.
23 error Make sure you have the latest version of node.js and npm installed.
23 error If you do, this is most likely a problem with the api_auth package,
23 error not with npm itself.
23 error Tell the author that this fails on your system:
23 error     node server.js
23 error You can get information on how to open an issue for this project with:
23 error     npm bugs api_auth
23 error Or if that isn't available, you can get their info via:
23 error     npm owner ls api_auth
23 error There is likely additional logging output above.
24 verbose exit [ 1, true ]
